INICIANDO !!!!!!!!!!!!!!!!!!!!!!!!!!!!!!!!!!!!!!!!!!!!!!!!!!!!!!!!!!!!!!!!!!!!!!!!!!!!!!!!!!!!!!!!
INICIANDO !!!!!!!!!!!!!!!!!!!!!!!!!!!!!!!!!!!!!!!!!!!!!!!!!!!!!!!!!!!!!!!!!!!!!!!!!!!!!!!!!!!!!!!!
INICIANDO !!!!!!!!!!!!!!!!!!!!!!!!!!!!!!!!!!!!!!!!!!!!!!!!!!!!!!!!!!!!!!!!!!!!!!!!!!!!!!!!!!!!!!!!
{
  loc: 'winsw.js ~line 77',
  xml: [
    { id: 'ppgapisockets.exe' },
    { name: 'PPG-API-SOCKETS' },
    { description: 'Descripción del servicio' },
    { executable: 'C:\\Program Files\\nodejs\\node.exe' },
    { argument: '--trace-warnings' },
    {
      argument: 'C:\\Users\\crist\\Downloads\\API-PPG\\node_modules\\node-windows\\lib\\wrapper.js'
    }
  ],
  config: {
    name: 'PPG-API-SOCKETS',
    id: 'ppgapisockets.exe',
    nodeOptions: [ '--trace-warnings' ],
    script: 'C:\\Users\\crist\\Downloads\\API-PPG\\node_modules\\node-windows\\lib\\wrapper.js',
    scriptOptions: '',
    wrapperArgs: [
      '--file',
      'C:\\Users\\crist\\Downloads\\API-PPG\\index.js',
      '--scriptoptions=',
      '--log',
      'PPG-API-SOCKETS wrapper',
      '--grow',
      0.25,
      '--wait',
      1,
      '--maxrestarts',
      3,
      '--abortonerror',
      'n',
      '--stopparentfirst',
      undefined
    ],
    description: 'Descripción del servicio',
    logpath: 'C:\\Users\\crist\\Downloads\\API-PPG\\logs',
    env: undefined,
    execPath: null,
    logOnAs: {
      account: null,
      password: null,
      domain: 'CRISTIAN',
      mungeCredentialsAfterInstall: true
    },
    workingdirectory: 'C:\\Users\\crist\\Downloads\\API-PPG',
    stopparentfirst: undefined,
    stoptimeout: 30,
    logmode: 'rotate',
    logging: undefined,
    allowServiceLogon: undefined
  }
}
started
