2024-06-11 16:02:13 - Starting C:\Program Files\nodejs\node.exe  --trace-warnings C:\Users\crist\Downloads\API-PPG\node_modules\node-windows\lib\wrapper.js --file C:\Users\crist\Downloads\API-PPG\index.js --scriptoptions= --log "PPG-API-SOCKETS wrapper" --grow 0.25 --wait 1 --maxrestarts 3 --abortonerror n --stopparentfirst undefined
2024-06-11 16:02:13 - Started 13396
2024-07-02 14:06:05 - Stopping ppgapisockets.exe
2024-07-02 14:06:05 - ProcessKill 6296
2024-07-02 14:06:05 - Shutdown exception
Message:Se está cerrando el sistema.

Stacktrace:   en System.Runtime.InteropServices.Marshal.ThrowExceptionForHRInternal(Int32 errorCode, IntPtr errorInfo)
   en System.Management.ManagementScope.InitializeGuts(Object o)
   en System.Management.ManagementScope.Initialize()
   en System.Management.ManagementObjectSearcher.Initialize()
   en System.Management.ManagementObjectSearcher.Get()
   en winsw.WrapperService.GetChildPids(Int32 pid)
   en winsw.WrapperService.StopProcessAndChildren(Int32 pid)
   en winsw.WrapperService.StopIt()
   en winsw.WrapperService.OnShutdown()
2024-07-02 14:06:37 - Starting C:\Program Files\nodejs\node.exe  --trace-warnings C:\Users\crist\Downloads\API-PPG\node_modules\node-windows\lib\wrapper.js --file C:\Users\crist\Downloads\API-PPG\index.js --scriptoptions= --log "PPG-API-SOCKETS wrapper" --grow 0.25 --wait 1 --maxrestarts 3 --abortonerror n --stopparentfirst undefined
2024-07-02 14:06:38 - Started 7232
2024-07-02 16:25:51 - Stopping ppgapisockets.exe
2024-07-02 16:25:51 - ProcessKill 7232
2024-07-02 16:25:51 - Shutdown exception
Message:Se está cerrando el sistema.

Stacktrace:   en System.Runtime.InteropServices.Marshal.ThrowExceptionForHRInternal(Int32 errorCode, IntPtr errorInfo)
   en System.Management.ManagementScope.InitializeGuts(Object o)
   en System.Management.ManagementScope.Initialize()
   en System.Management.ManagementObjectSearcher.Initialize()
   en System.Management.ManagementObjectSearcher.Get()
   en winsw.WrapperService.GetChildPids(Int32 pid)
   en winsw.WrapperService.StopProcessAndChildren(Int32 pid)
   en winsw.WrapperService.StopIt()
   en winsw.WrapperService.OnShutdown()
2024-07-02 16:26:26 - Starting C:\Program Files\nodejs\node.exe  --trace-warnings C:\Users\crist\Downloads\API-PPG\node_modules\node-windows\lib\wrapper.js --file C:\Users\crist\Downloads\API-PPG\index.js --scriptoptions= --log "PPG-API-SOCKETS wrapper" --grow 0.25 --wait 1 --maxrestarts 3 --abortonerror n --stopparentfirst undefined
2024-07-02 16:26:26 - Started 7496
2024-07-02 20:01:07 - Stopping ppgapisockets.exe
2024-07-02 20:01:07 - ProcessKill 7496
2024-07-02 20:01:07 - Shutdown exception
Message:Se está cerrando el sistema.

Stacktrace:   en System.Runtime.InteropServices.Marshal.ThrowExceptionForHRInternal(Int32 errorCode, IntPtr errorInfo)
   en System.Management.ManagementScope.InitializeGuts(Object o)
   en System.Management.ManagementScope.Initialize()
   en System.Management.ManagementObjectSearcher.Initialize()
   en System.Management.ManagementObjectSearcher.Get()
   en winsw.WrapperService.GetChildPids(Int32 pid)
   en winsw.WrapperService.StopProcessAndChildren(Int32 pid)
   en winsw.WrapperService.StopIt()
   en winsw.WrapperService.OnShutdown()
2024-07-03 07:10:42 - Starting C:\Program Files\nodejs\node.exe  --trace-warnings C:\Users\crist\Downloads\API-PPG\node_modules\node-windows\lib\wrapper.js --file C:\Users\crist\Downloads\API-PPG\index.js --scriptoptions= --log "PPG-API-SOCKETS wrapper" --grow 0.25 --wait 1 --maxrestarts 3 --abortonerror n --stopparentfirst undefined
2024-07-03 07:10:43 - Started 7272
2024-07-03 07:48:02 - Starting C:\Program Files\nodejs\node.exe  --trace-warnings C:\Users\crist\Downloads\API-PPG\node_modules\node-windows\lib\wrapper.js --file C:\Users\crist\Downloads\API-PPG\index.js --scriptoptions= --log "PPG-API-SOCKETS wrapper" --grow 0.25 --wait 1 --maxrestarts 3 --abortonerror n --stopparentfirst undefined
2024-07-03 07:48:02 - Started 6316
2024-07-03 20:23:06 - Stopping ppgapisockets.exe
2024-07-03 20:23:06 - ProcessKill 6316
2024-07-03 20:23:06 - Shutdown exception
Message:Se está cerrando el sistema.

Stacktrace:   en System.Runtime.InteropServices.Marshal.ThrowExceptionForHRInternal(Int32 errorCode, IntPtr errorInfo)
   en System.Management.ManagementScope.InitializeGuts(Object o)
   en System.Management.ManagementScope.Initialize()
   en System.Management.ManagementObjectSearcher.Initialize()
   en System.Management.ManagementObjectSearcher.Get()
   en winsw.WrapperService.GetChildPids(Int32 pid)
   en winsw.WrapperService.StopProcessAndChildren(Int32 pid)
   en winsw.WrapperService.StopIt()
   en winsw.WrapperService.OnShutdown()
2024-07-04 06:59:15 - Starting C:\Program Files\nodejs\node.exe  --trace-warnings C:\Users\crist\Downloads\API-PPG\node_modules\node-windows\lib\wrapper.js --file C:\Users\crist\Downloads\API-PPG\index.js --scriptoptions= --log "PPG-API-SOCKETS wrapper" --grow 0.25 --wait 1 --maxrestarts 3 --abortonerror n --stopparentfirst undefined
2024-07-04 06:59:17 - Started 7992
2024-07-04 21:25:10 - Starting C:\Program Files\nodejs\node.exe  --trace-warnings C:\Users\crist\Downloads\API-PPG\node_modules\node-windows\lib\wrapper.js --file C:\Users\crist\Downloads\API-PPG\index.js --scriptoptions= --log "PPG-API-SOCKETS wrapper" --grow 0.25 --wait 1 --maxrestarts 3 --abortonerror n --stopparentfirst undefined
2024-07-04 21:25:10 - Started 6364
2024-07-04 21:26:43 - Stopping ppgapisockets.exe
2024-07-04 21:26:43 - ProcessKill 6364
2024-07-04 21:26:43 - Shutdown exception
Message:Se está cerrando el sistema.

Stacktrace:   en System.Runtime.InteropServices.Marshal.ThrowExceptionForHRInternal(Int32 errorCode, IntPtr errorInfo)
   en System.Management.ManagementScope.InitializeGuts(Object o)
   en System.Management.ManagementScope.Initialize()
   en System.Management.ManagementObjectSearcher.Initialize()
   en System.Management.ManagementObjectSearcher.Get()
   en winsw.WrapperService.GetChildPids(Int32 pid)
   en winsw.WrapperService.StopProcessAndChildren(Int32 pid)
   en winsw.WrapperService.StopIt()
   en winsw.WrapperService.OnShutdown()
2024-07-05 07:47:08 - Starting C:\Program Files\nodejs\node.exe  --trace-warnings C:\Users\crist\Downloads\API-PPG\node_modules\node-windows\lib\wrapper.js --file C:\Users\crist\Downloads\API-PPG\index.js --scriptoptions= --log "PPG-API-SOCKETS wrapper" --grow 0.25 --wait 1 --maxrestarts 3 --abortonerror n --stopparentfirst undefined
2024-07-05 07:47:09 - Started 6948
2024-07-05 12:37:12 - Stopping ppgapisockets.exe
2024-07-05 12:37:12 - ProcessKill 6948
2024-07-05 12:37:12 - Shutdown exception
Message:Se está cerrando el sistema.

Stacktrace:   en System.Runtime.InteropServices.Marshal.ThrowExceptionForHRInternal(Int32 errorCode, IntPtr errorInfo)
   en System.Management.ManagementScope.InitializeGuts(Object o)
   en System.Management.ManagementScope.Initialize()
   en System.Management.ManagementObjectSearcher.Initialize()
   en System.Management.ManagementObjectSearcher.Get()
   en winsw.WrapperService.GetChildPids(Int32 pid)
   en winsw.WrapperService.StopProcessAndChildren(Int32 pid)
   en winsw.WrapperService.StopIt()
   en winsw.WrapperService.OnShutdown()
2024-07-05 12:37:42 - Starting C:\Program Files\nodejs\node.exe  --trace-warnings C:\Users\crist\Downloads\API-PPG\node_modules\node-windows\lib\wrapper.js --file C:\Users\crist\Downloads\API-PPG\index.js --scriptoptions= --log "PPG-API-SOCKETS wrapper" --grow 0.25 --wait 1 --maxrestarts 3 --abortonerror n --stopparentfirst undefined
2024-07-05 12:37:43 - Started 7020
2024-07-05 17:43:37 - Starting C:\Program Files\nodejs\node.exe  --trace-warnings C:\Users\crist\Downloads\API-PPG\node_modules\node-windows\lib\wrapper.js --file C:\Users\crist\Downloads\API-PPG\index.js --scriptoptions= --log "PPG-API-SOCKETS wrapper" --grow 0.25 --wait 1 --maxrestarts 3 --abortonerror n --stopparentfirst undefined
2024-07-05 17:43:37 - Started 6464
2024-07-05 18:06:17 - Stopping ppgapisockets.exe
2024-07-05 18:06:17 - ProcessKill 6464
2024-07-05 18:06:17 - Shutdown exception
Message:Se está cerrando el sistema.

Stacktrace:   en System.Runtime.InteropServices.Marshal.ThrowExceptionForHRInternal(Int32 errorCode, IntPtr errorInfo)
   en System.Management.ManagementScope.InitializeGuts(Object o)
   en System.Management.ManagementScope.Initialize()
   en System.Management.ManagementObjectSearcher.Initialize()
   en System.Management.ManagementObjectSearcher.Get()
   en winsw.WrapperService.GetChildPids(Int32 pid)
   en winsw.WrapperService.StopProcessAndChildren(Int32 pid)
   en winsw.WrapperService.StopIt()
   en winsw.WrapperService.OnShutdown()
2024-07-08 07:10:30 - Starting C:\Program Files\nodejs\node.exe  --trace-warnings C:\Users\crist\Downloads\API-PPG\node_modules\node-windows\lib\wrapper.js --file C:\Users\crist\Downloads\API-PPG\index.js --scriptoptions= --log "PPG-API-SOCKETS wrapper" --grow 0.25 --wait 1 --maxrestarts 3 --abortonerror n --stopparentfirst undefined
2024-07-08 07:10:31 - Started 7832
2024-07-08 22:58:18 - Stopping ppgapisockets.exe
2024-07-08 22:58:18 - ProcessKill 7832
2024-07-08 22:58:18 - Shutdown exception
Message:Se está cerrando el sistema.

Stacktrace:   en System.Runtime.InteropServices.Marshal.ThrowExceptionForHRInternal(Int32 errorCode, IntPtr errorInfo)
   en System.Management.ManagementScope.InitializeGuts(Object o)
   en System.Management.ManagementScope.Initialize()
   en System.Management.ManagementObjectSearcher.Initialize()
   en System.Management.ManagementObjectSearcher.Get()
   en winsw.WrapperService.GetChildPids(Int32 pid)
   en winsw.WrapperService.StopProcessAndChildren(Int32 pid)
   en winsw.WrapperService.StopIt()
   en winsw.WrapperService.OnShutdown()
2024-07-09 07:16:26 - Starting C:\Program Files\nodejs\node.exe  --trace-warnings C:\Users\crist\Downloads\API-PPG\node_modules\node-windows\lib\wrapper.js --file C:\Users\crist\Downloads\API-PPG\index.js --scriptoptions= --log "PPG-API-SOCKETS wrapper" --grow 0.25 --wait 1 --maxrestarts 3 --abortonerror n --stopparentfirst undefined
2024-07-09 07:16:26 - Started 7496
2024-07-09 13:49:23 - Starting C:\Program Files\nodejs\node.exe  --trace-warnings C:\Users\crist\Downloads\API-PPG\node_modules\node-windows\lib\wrapper.js --file C:\Users\crist\Downloads\API-PPG\index.js --scriptoptions= --log "PPG-API-SOCKETS wrapper" --grow 0.25 --wait 1 --maxrestarts 3 --abortonerror n --stopparentfirst undefined
2024-07-09 13:49:23 - Started 6808
2024-07-09 20:35:47 - Starting C:\Program Files\nodejs\node.exe  --trace-warnings C:\Users\crist\Downloads\API-PPG\node_modules\node-windows\lib\wrapper.js --file C:\Users\crist\Downloads\API-PPG\index.js --scriptoptions= --log "PPG-API-SOCKETS wrapper" --grow 0.25 --wait 1 --maxrestarts 3 --abortonerror n --stopparentfirst undefined
2024-07-09 20:35:47 - Started 6740
2024-07-10 07:07:22 - Starting C:\Program Files\nodejs\node.exe  --trace-warnings C:\Users\crist\Downloads\API-PPG\node_modules\node-windows\lib\wrapper.js --file C:\Users\crist\Downloads\API-PPG\index.js --scriptoptions= --log "PPG-API-SOCKETS wrapper" --grow 0.25 --wait 1 --maxrestarts 3 --abortonerror n --stopparentfirst undefined
2024-07-10 07:07:22 - Started 6348
2024-07-10 11:21:14 - Stopping ppgapisockets.exe
2024-07-10 11:21:14 - ProcessKill 6348
2024-07-10 11:21:14 - Shutdown exception
Message:Se está cerrando el sistema.

Stacktrace:   en System.Runtime.InteropServices.Marshal.ThrowExceptionForHRInternal(Int32 errorCode, IntPtr errorInfo)
   en System.Management.ManagementScope.InitializeGuts(Object o)
   en System.Management.ManagementScope.Initialize()
   en System.Management.ManagementObjectSearcher.Initialize()
   en System.Management.ManagementObjectSearcher.Get()
   en winsw.WrapperService.GetChildPids(Int32 pid)
   en winsw.WrapperService.StopProcessAndChildren(Int32 pid)
   en winsw.WrapperService.StopIt()
   en winsw.WrapperService.OnShutdown()
2024-07-10 11:21:47 - Starting C:\Program Files\nodejs\node.exe  --trace-warnings C:\Users\crist\Downloads\API-PPG\node_modules\node-windows\lib\wrapper.js --file C:\Users\crist\Downloads\API-PPG\index.js --scriptoptions= --log "PPG-API-SOCKETS wrapper" --grow 0.25 --wait 1 --maxrestarts 3 --abortonerror n --stopparentfirst undefined
2024-07-10 11:21:47 - Started 6720
2024-07-10 11:22:17 - Stopping ppgapisockets.exe
2024-07-10 11:22:17 - ProcessKill 6720
2024-07-10 11:22:17 - Shutdown exception
Message:Se está cerrando el sistema.

Stacktrace:   en System.Runtime.InteropServices.Marshal.ThrowExceptionForHRInternal(Int32 errorCode, IntPtr errorInfo)
   en System.Management.ManagementScope.InitializeGuts(Object o)
   en System.Management.ManagementScope.Initialize()
   en System.Management.ManagementObjectSearcher.Initialize()
   en System.Management.ManagementObjectSearcher.Get()
   en winsw.WrapperService.GetChildPids(Int32 pid)
   en winsw.WrapperService.StopProcessAndChildren(Int32 pid)
   en winsw.WrapperService.StopIt()
   en winsw.WrapperService.OnShutdown()
2024-07-10 11:22:52 - Starting C:\Program Files\nodejs\node.exe  --trace-warnings C:\Users\crist\Downloads\API-PPG\node_modules\node-windows\lib\wrapper.js --file C:\Users\crist\Downloads\API-PPG\index.js --scriptoptions= --log "PPG-API-SOCKETS wrapper" --grow 0.25 --wait 1 --maxrestarts 3 --abortonerror n --stopparentfirst undefined
2024-07-10 11:22:52 - Started 6764
2024-07-10 16:46:33 - Starting C:\Program Files\nodejs\node.exe  --trace-warnings C:\Users\crist\Downloads\API-PPG\node_modules\node-windows\lib\wrapper.js --file C:\Users\crist\Downloads\API-PPG\index.js --scriptoptions= --log "PPG-API-SOCKETS wrapper" --grow 0.25 --wait 1 --maxrestarts 3 --abortonerror n --stopparentfirst undefined
2024-07-10 16:46:33 - Started 6864
2024-07-10 17:08:37 - Starting C:\Program Files\nodejs\node.exe  --trace-warnings C:\Users\crist\Downloads\API-PPG\node_modules\node-windows\lib\wrapper.js --file C:\Users\crist\Downloads\API-PPG\index.js --scriptoptions= --log "PPG-API-SOCKETS wrapper" --grow 0.25 --wait 1 --maxrestarts 3 --abortonerror n --stopparentfirst undefined
2024-07-10 17:08:37 - Started 6596
2024-07-10 23:56:09 - Stopping ppgapisockets.exe
2024-07-10 23:56:09 - ProcessKill 6596
2024-07-10 23:56:09 - Shutdown exception
Message:Se está cerrando el sistema.

Stacktrace:   en System.Runtime.InteropServices.Marshal.ThrowExceptionForHRInternal(Int32 errorCode, IntPtr errorInfo)
   en System.Management.ManagementScope.InitializeGuts(Object o)
   en System.Management.ManagementScope.Initialize()
   en System.Management.ManagementObjectSearcher.Initialize()
   en System.Management.ManagementObjectSearcher.Get()
   en winsw.WrapperService.GetChildPids(Int32 pid)
   en winsw.WrapperService.StopProcessAndChildren(Int32 pid)
   en winsw.WrapperService.StopIt()
   en winsw.WrapperService.OnShutdown()
2024-07-11 08:12:28 - Starting C:\Program Files\nodejs\node.exe  --trace-warnings C:\Users\crist\Downloads\API-PPG\node_modules\node-windows\lib\wrapper.js --file C:\Users\crist\Downloads\API-PPG\index.js --scriptoptions= --log "PPG-API-SOCKETS wrapper" --grow 0.25 --wait 1 --maxrestarts 3 --abortonerror n --stopparentfirst undefined
2024-07-11 08:12:28 - Started 7820
2024-07-11 15:26:08 - Starting C:\Program Files\nodejs\node.exe  --trace-warnings C:\Users\crist\Downloads\API-PPG\node_modules\node-windows\lib\wrapper.js --file C:\Users\crist\Downloads\API-PPG\index.js --scriptoptions= --log "PPG-API-SOCKETS wrapper" --grow 0.25 --wait 1 --maxrestarts 3 --abortonerror n --stopparentfirst undefined
2024-07-11 15:26:08 - Started 6672
2024-07-11 16:12:36 - Starting C:\Program Files\nodejs\node.exe  --trace-warnings C:\Users\crist\Downloads\API-PPG\node_modules\node-windows\lib\wrapper.js --file C:\Users\crist\Downloads\API-PPG\index.js --scriptoptions= --log "PPG-API-SOCKETS wrapper" --grow 0.25 --wait 1 --maxrestarts 3 --abortonerror n --stopparentfirst undefined
2024-07-11 16:12:36 - Started 6576
2024-07-11 16:38:40 - Starting C:\Program Files\nodejs\node.exe  --trace-warnings C:\Users\crist\Downloads\API-PPG\node_modules\node-windows\lib\wrapper.js --file C:\Users\crist\Downloads\API-PPG\index.js --scriptoptions= --log "PPG-API-SOCKETS wrapper" --grow 0.25 --wait 1 --maxrestarts 3 --abortonerror n --stopparentfirst undefined
2024-07-11 16:38:40 - Started 6904
2024-07-11 18:01:02 - Starting C:\Program Files\nodejs\node.exe  --trace-warnings C:\Users\crist\Downloads\API-PPG\node_modules\node-windows\lib\wrapper.js --file C:\Users\crist\Downloads\API-PPG\index.js --scriptoptions= --log "PPG-API-SOCKETS wrapper" --grow 0.25 --wait 1 --maxrestarts 3 --abortonerror n --stopparentfirst undefined
2024-07-11 18:01:02 - Started 6796
2024-07-11 19:11:32 - Starting C:\Program Files\nodejs\node.exe  --trace-warnings C:\Users\crist\Downloads\API-PPG\node_modules\node-windows\lib\wrapper.js --file C:\Users\crist\Downloads\API-PPG\index.js --scriptoptions= --log "PPG-API-SOCKETS wrapper" --grow 0.25 --wait 1 --maxrestarts 3 --abortonerror n --stopparentfirst undefined
2024-07-11 19:11:33 - Started 6828
2024-07-11 19:35:59 - Starting C:\Program Files\nodejs\node.exe  --trace-warnings C:\Users\crist\Downloads\API-PPG\node_modules\node-windows\lib\wrapper.js --file C:\Users\crist\Downloads\API-PPG\index.js --scriptoptions= --log "PPG-API-SOCKETS wrapper" --grow 0.25 --wait 1 --maxrestarts 3 --abortonerror n --stopparentfirst undefined
2024-07-11 19:35:59 - Started 6636
2024-07-11 19:38:15 - Starting C:\Program Files\nodejs\node.exe  --trace-warnings C:\Users\crist\Downloads\API-PPG\node_modules\node-windows\lib\wrapper.js --file C:\Users\crist\Downloads\API-PPG\index.js --scriptoptions= --log "PPG-API-SOCKETS wrapper" --grow 0.25 --wait 1 --maxrestarts 3 --abortonerror n --stopparentfirst undefined
2024-07-11 19:38:15 - Started 6336
2024-07-11 21:07:13 - Starting C:\Program Files\nodejs\node.exe  --trace-warnings C:\Users\crist\Downloads\API-PPG\node_modules\node-windows\lib\wrapper.js --file C:\Users\crist\Downloads\API-PPG\index.js --scriptoptions= --log "PPG-API-SOCKETS wrapper" --grow 0.25 --wait 1 --maxrestarts 3 --abortonerror n --stopparentfirst undefined
2024-07-11 21:07:13 - Started 6176
2024-07-12 00:26:28 - Stopping ppgapisockets.exe
2024-07-12 00:26:28 - ProcessKill 6176
2024-07-12 00:26:28 - Shutdown exception
Message:Se está cerrando el sistema.

Stacktrace:   en System.Runtime.InteropServices.Marshal.ThrowExceptionForHRInternal(Int32 errorCode, IntPtr errorInfo)
   en System.Management.ManagementScope.InitializeGuts(Object o)
   en System.Management.ManagementScope.Initialize()
   en System.Management.ManagementObjectSearcher.Initialize()
   en System.Management.ManagementObjectSearcher.Get()
   en winsw.WrapperService.GetChildPids(Int32 pid)
   en winsw.WrapperService.StopProcessAndChildren(Int32 pid)
   en winsw.WrapperService.StopIt()
   en winsw.WrapperService.OnShutdown()
2024-07-12 07:45:17 - Starting C:\Program Files\nodejs\node.exe  --trace-warnings C:\Users\crist\Downloads\API-PPG\node_modules\node-windows\lib\wrapper.js --file C:\Users\crist\Downloads\API-PPG\index.js --scriptoptions= --log "PPG-API-SOCKETS wrapper" --grow 0.25 --wait 1 --maxrestarts 3 --abortonerror n --stopparentfirst undefined
2024-07-12 07:45:18 - Started 7188
2024-07-12 09:11:42 - Starting C:\Program Files\nodejs\node.exe  --trace-warnings C:\Users\crist\Downloads\API-PPG\node_modules\node-windows\lib\wrapper.js --file C:\Users\crist\Downloads\API-PPG\index.js --scriptoptions= --log "PPG-API-SOCKETS wrapper" --grow 0.25 --wait 1 --maxrestarts 3 --abortonerror n --stopparentfirst undefined
2024-07-12 09:11:42 - Started 6256
2024-07-12 11:58:27 - Starting C:\Program Files\nodejs\node.exe  --trace-warnings C:\Users\crist\Downloads\API-PPG\node_modules\node-windows\lib\wrapper.js --file C:\Users\crist\Downloads\API-PPG\index.js --scriptoptions= --log "PPG-API-SOCKETS wrapper" --grow 0.25 --wait 1 --maxrestarts 3 --abortonerror n --stopparentfirst undefined
2024-07-12 11:58:27 - Started 6192
2024-07-12 12:22:27 - Starting C:\Program Files\nodejs\node.exe  --trace-warnings C:\Users\crist\Downloads\API-PPG\node_modules\node-windows\lib\wrapper.js --file C:\Users\crist\Downloads\API-PPG\index.js --scriptoptions= --log "PPG-API-SOCKETS wrapper" --grow 0.25 --wait 1 --maxrestarts 3 --abortonerror n --stopparentfirst undefined
2024-07-12 12:22:27 - Started 6148
2024-07-12 13:37:26 - Starting C:\Program Files\nodejs\node.exe  --trace-warnings C:\Users\crist\Downloads\API-PPG\node_modules\node-windows\lib\wrapper.js --file C:\Users\crist\Downloads\API-PPG\index.js --scriptoptions= --log "PPG-API-SOCKETS wrapper" --grow 0.25 --wait 1 --maxrestarts 3 --abortonerror n --stopparentfirst undefined
2024-07-12 13:37:26 - Started 6300
2024-07-12 13:41:18 - Stopping ppgapisockets.exe
2024-07-12 13:41:18 - ProcessKill 6300
2024-07-12 13:41:18 - Shutdown exception
Message:Se está cerrando el sistema.

Stacktrace:   en System.Runtime.InteropServices.Marshal.ThrowExceptionForHRInternal(Int32 errorCode, IntPtr errorInfo)
   en System.Management.ManagementScope.InitializeGuts(Object o)
   en System.Management.ManagementScope.Initialize()
   en System.Management.ManagementObjectSearcher.Initialize()
   en System.Management.ManagementObjectSearcher.Get()
   en winsw.WrapperService.GetChildPids(Int32 pid)
   en winsw.WrapperService.StopProcessAndChildren(Int32 pid)
   en winsw.WrapperService.StopIt()
   en winsw.WrapperService.OnShutdown()
2024-07-12 13:41:51 - Starting C:\Program Files\nodejs\node.exe  --trace-warnings C:\Users\crist\Downloads\API-PPG\node_modules\node-windows\lib\wrapper.js --file C:\Users\crist\Downloads\API-PPG\index.js --scriptoptions= --log "PPG-API-SOCKETS wrapper" --grow 0.25 --wait 1 --maxrestarts 3 --abortonerror n --stopparentfirst undefined
2024-07-12 13:41:52 - Started 7440
2024-07-12 15:05:35 - Starting C:\Program Files\nodejs\node.exe  --trace-warnings C:\Users\crist\Downloads\API-PPG\node_modules\node-windows\lib\wrapper.js --file C:\Users\crist\Downloads\API-PPG\index.js --scriptoptions= --log "PPG-API-SOCKETS wrapper" --grow 0.25 --wait 1 --maxrestarts 3 --abortonerror n --stopparentfirst undefined
2024-07-12 15:05:35 - Started 6756
2024-07-12 23:27:12 - Stopping ppgapisockets.exe
2024-07-12 23:27:12 - ProcessKill 6756
2024-07-12 23:27:12 - Shutdown exception
Message:Se está cerrando el sistema.

Stacktrace:   en System.Runtime.InteropServices.Marshal.ThrowExceptionForHRInternal(Int32 errorCode, IntPtr errorInfo)
   en System.Management.ManagementScope.InitializeGuts(Object o)
   en System.Management.ManagementScope.Initialize()
   en System.Management.ManagementObjectSearcher.Initialize()
   en System.Management.ManagementObjectSearcher.Get()
   en winsw.WrapperService.GetChildPids(Int32 pid)
   en winsw.WrapperService.StopProcessAndChildren(Int32 pid)
   en winsw.WrapperService.StopIt()
   en winsw.WrapperService.OnShutdown()
2024-07-13 11:56:04 - Starting C:\Program Files\nodejs\node.exe  --trace-warnings C:\Users\crist\Downloads\API-PPG\node_modules\node-windows\lib\wrapper.js --file C:\Users\crist\Downloads\API-PPG\index.js --scriptoptions= --log "PPG-API-SOCKETS wrapper" --grow 0.25 --wait 1 --maxrestarts 3 --abortonerror n --stopparentfirst undefined
2024-07-13 11:56:05 - Started 8056
2024-07-13 12:07:15 - Starting C:\Program Files\nodejs\node.exe  --trace-warnings C:\Users\crist\Downloads\API-PPG\node_modules\node-windows\lib\wrapper.js --file C:\Users\crist\Downloads\API-PPG\index.js --scriptoptions= --log "PPG-API-SOCKETS wrapper" --grow 0.25 --wait 1 --maxrestarts 3 --abortonerror n --stopparentfirst undefined
2024-07-13 12:07:15 - Started 6760
2024-07-13 17:02:39 - Starting C:\Program Files\nodejs\node.exe  --trace-warnings C:\Users\crist\Downloads\API-PPG\node_modules\node-windows\lib\wrapper.js --file C:\Users\crist\Downloads\API-PPG\index.js --scriptoptions= --log "PPG-API-SOCKETS wrapper" --grow 0.25 --wait 1 --maxrestarts 3 --abortonerror n --stopparentfirst undefined
2024-07-13 17:02:39 - Started 6836
2024-07-13 19:40:08 - Stopping ppgapisockets.exe
2024-07-13 19:40:08 - ProcessKill 6836
2024-07-13 19:40:08 - Shutdown exception
Message:Se está cerrando el sistema.

Stacktrace:   en System.Runtime.InteropServices.Marshal.ThrowExceptionForHRInternal(Int32 errorCode, IntPtr errorInfo)
   en System.Management.ManagementScope.InitializeGuts(Object o)
   en System.Management.ManagementScope.Initialize()
   en System.Management.ManagementObjectSearcher.Initialize()
   en System.Management.ManagementObjectSearcher.Get()
   en winsw.WrapperService.GetChildPids(Int32 pid)
   en winsw.WrapperService.StopProcessAndChildren(Int32 pid)
   en winsw.WrapperService.StopIt()
   en winsw.WrapperService.OnShutdown()
2024-07-13 19:46:09 - Starting C:\Program Files\nodejs\node.exe  --trace-warnings C:\Users\crist\Downloads\API-PPG\node_modules\node-windows\lib\wrapper.js --file C:\Users\crist\Downloads\API-PPG\index.js --scriptoptions= --log "PPG-API-SOCKETS wrapper" --grow 0.25 --wait 1 --maxrestarts 3 --abortonerror n --stopparentfirst undefined
2024-07-13 19:46:10 - Started 6856
2024-07-13 23:12:11 - Starting C:\Program Files\nodejs\node.exe  --trace-warnings C:\Users\crist\Downloads\API-PPG\node_modules\node-windows\lib\wrapper.js --file C:\Users\crist\Downloads\API-PPG\index.js --scriptoptions= --log "PPG-API-SOCKETS wrapper" --grow 0.25 --wait 1 --maxrestarts 3 --abortonerror n --stopparentfirst undefined
2024-07-13 23:12:11 - Started 6260
2024-07-14 00:08:58 - Starting C:\Program Files\nodejs\node.exe  --trace-warnings C:\Users\crist\Downloads\API-PPG\node_modules\node-windows\lib\wrapper.js --file C:\Users\crist\Downloads\API-PPG\index.js --scriptoptions= --log "PPG-API-SOCKETS wrapper" --grow 0.25 --wait 1 --maxrestarts 3 --abortonerror n --stopparentfirst undefined
2024-07-14 00:08:58 - Started 6604
2024-07-14 00:28:37 - Stopping ppgapisockets.exe
2024-07-14 00:28:37 - ProcessKill 6604
2024-07-14 00:28:37 - Shutdown exception
Message:Se está cerrando el sistema.

Stacktrace:   en System.Runtime.InteropServices.Marshal.ThrowExceptionForHRInternal(Int32 errorCode, IntPtr errorInfo)
   en System.Management.ManagementScope.InitializeGuts(Object o)
   en System.Management.ManagementScope.Initialize()
   en System.Management.ManagementObjectSearcher.Initialize()
   en System.Management.ManagementObjectSearcher.Get()
   en winsw.WrapperService.GetChildPids(Int32 pid)
   en winsw.WrapperService.StopProcessAndChildren(Int32 pid)
   en winsw.WrapperService.StopIt()
   en winsw.WrapperService.OnShutdown()
2024-07-14 13:21:44 - Starting C:\Program Files\nodejs\node.exe  --trace-warnings C:\Users\crist\Downloads\API-PPG\node_modules\node-windows\lib\wrapper.js --file C:\Users\crist\Downloads\API-PPG\index.js --scriptoptions= --log "PPG-API-SOCKETS wrapper" --grow 0.25 --wait 1 --maxrestarts 3 --abortonerror n --stopparentfirst undefined
2024-07-14 13:21:44 - Started 8132
2024-07-14 17:23:27 - Starting C:\Program Files\nodejs\node.exe  --trace-warnings C:\Users\crist\Downloads\API-PPG\node_modules\node-windows\lib\wrapper.js --file C:\Users\crist\Downloads\API-PPG\index.js --scriptoptions= --log "PPG-API-SOCKETS wrapper" --grow 0.25 --wait 1 --maxrestarts 3 --abortonerror n --stopparentfirst undefined
2024-07-14 17:23:27 - Started 6688
2024-07-14 18:41:26 - Starting C:\Program Files\nodejs\node.exe  --trace-warnings C:\Users\crist\Downloads\API-PPG\node_modules\node-windows\lib\wrapper.js --file C:\Users\crist\Downloads\API-PPG\index.js --scriptoptions= --log "PPG-API-SOCKETS wrapper" --grow 0.25 --wait 1 --maxrestarts 3 --abortonerror n --stopparentfirst undefined
2024-07-14 18:41:26 - Started 6836
2024-07-14 23:36:47 - Stopping ppgapisockets.exe
2024-07-14 23:36:47 - ProcessKill 6836
2024-07-14 23:36:47 - Shutdown exception
Message:Se está cerrando el sistema.

Stacktrace:   en System.Runtime.InteropServices.Marshal.ThrowExceptionForHRInternal(Int32 errorCode, IntPtr errorInfo)
   en System.Management.ManagementScope.InitializeGuts(Object o)
   en System.Management.ManagementScope.Initialize()
   en System.Management.ManagementObjectSearcher.Initialize()
   en System.Management.ManagementObjectSearcher.Get()
   en winsw.WrapperService.GetChildPids(Int32 pid)
   en winsw.WrapperService.StopProcessAndChildren(Int32 pid)
   en winsw.WrapperService.StopIt()
   en winsw.WrapperService.OnShutdown()
2024-07-15 08:17:11 - Starting C:\Program Files\nodejs\node.exe  --trace-warnings C:\Users\crist\Downloads\API-PPG\node_modules\node-windows\lib\wrapper.js --file C:\Users\crist\Downloads\API-PPG\index.js --scriptoptions= --log "PPG-API-SOCKETS wrapper" --grow 0.25 --wait 1 --maxrestarts 3 --abortonerror n --stopparentfirst undefined
2024-07-15 08:17:12 - Started 7984
2024-07-15 13:34:23 - Starting C:\Program Files\nodejs\node.exe  --trace-warnings C:\Users\crist\Downloads\API-PPG\node_modules\node-windows\lib\wrapper.js --file C:\Users\crist\Downloads\API-PPG\index.js --scriptoptions= --log "PPG-API-SOCKETS wrapper" --grow 0.25 --wait 1 --maxrestarts 3 --abortonerror n --stopparentfirst undefined
2024-07-15 13:34:23 - Started 6816
2024-07-15 14:12:58 - Starting C:\Program Files\nodejs\node.exe  --trace-warnings C:\Users\crist\Downloads\API-PPG\node_modules\node-windows\lib\wrapper.js --file C:\Users\crist\Downloads\API-PPG\index.js --scriptoptions= --log "PPG-API-SOCKETS wrapper" --grow 0.25 --wait 1 --maxrestarts 3 --abortonerror n --stopparentfirst undefined
2024-07-15 14:12:58 - Started 6424
2024-07-15 14:17:07 - Starting C:\Program Files\nodejs\node.exe  --trace-warnings C:\Users\crist\Downloads\API-PPG\node_modules\node-windows\lib\wrapper.js --file C:\Users\crist\Downloads\API-PPG\index.js --scriptoptions= --log "PPG-API-SOCKETS wrapper" --grow 0.25 --wait 1 --maxrestarts 3 --abortonerror n --stopparentfirst undefined
2024-07-15 14:17:07 - Started 6800
2024-07-15 14:42:14 - Starting C:\Program Files\nodejs\node.exe  --trace-warnings C:\Users\crist\Downloads\API-PPG\node_modules\node-windows\lib\wrapper.js --file C:\Users\crist\Downloads\API-PPG\index.js --scriptoptions= --log "PPG-API-SOCKETS wrapper" --grow 0.25 --wait 1 --maxrestarts 3 --abortonerror n --stopparentfirst undefined
2024-07-15 14:42:14 - Started 6752
2024-07-15 15:01:18 - Starting C:\Program Files\nodejs\node.exe  --trace-warnings C:\Users\crist\Downloads\API-PPG\node_modules\node-windows\lib\wrapper.js --file C:\Users\crist\Downloads\API-PPG\index.js --scriptoptions= --log "PPG-API-SOCKETS wrapper" --grow 0.25 --wait 1 --maxrestarts 3 --abortonerror n --stopparentfirst undefined
2024-07-15 15:01:18 - Started 6796
2024-07-15 16:01:24 - Starting C:\Program Files\nodejs\node.exe  --trace-warnings C:\Users\crist\Downloads\API-PPG\node_modules\node-windows\lib\wrapper.js --file C:\Users\crist\Downloads\API-PPG\index.js --scriptoptions= --log "PPG-API-SOCKETS wrapper" --grow 0.25 --wait 1 --maxrestarts 3 --abortonerror n --stopparentfirst undefined
2024-07-15 16:01:24 - Started 6804
2024-07-15 16:47:58 - Starting C:\Program Files\nodejs\node.exe  --trace-warnings C:\Users\crist\Downloads\API-PPG\node_modules\node-windows\lib\wrapper.js --file C:\Users\crist\Downloads\API-PPG\index.js --scriptoptions= --log "PPG-API-SOCKETS wrapper" --grow 0.25 --wait 1 --maxrestarts 3 --abortonerror n --stopparentfirst undefined
2024-07-15 16:47:58 - Started 6780
2024-07-15 23:21:14 - Stopping ppgapisockets.exe
2024-07-15 23:21:14 - ProcessKill 6780
2024-07-15 23:21:14 - Shutdown exception
Message:Se está cerrando el sistema.

Stacktrace:   en System.Runtime.InteropServices.Marshal.ThrowExceptionForHRInternal(Int32 errorCode, IntPtr errorInfo)
   en System.Management.ManagementScope.InitializeGuts(Object o)
   en System.Management.ManagementScope.Initialize()
   en System.Management.ManagementObjectSearcher.Initialize()
   en System.Management.ManagementObjectSearcher.Get()
   en winsw.WrapperService.GetChildPids(Int32 pid)
   en winsw.WrapperService.StopProcessAndChildren(Int32 pid)
   en winsw.WrapperService.StopIt()
   en winsw.WrapperService.OnShutdown()
2024-07-16 07:10:56 - Starting C:\Program Files\nodejs\node.exe  --trace-warnings C:\Users\crist\Downloads\API-PPG\node_modules\node-windows\lib\wrapper.js --file C:\Users\crist\Downloads\API-PPG\index.js --scriptoptions= --log "PPG-API-SOCKETS wrapper" --grow 0.25 --wait 1 --maxrestarts 3 --abortonerror n --stopparentfirst undefined
2024-07-16 07:10:58 - Started 7984
2024-07-16 14:41:07 - Starting C:\Program Files\nodejs\node.exe  --trace-warnings C:\Users\crist\Downloads\API-PPG\node_modules\node-windows\lib\wrapper.js --file C:\Users\crist\Downloads\API-PPG\index.js --scriptoptions= --log "PPG-API-SOCKETS wrapper" --grow 0.25 --wait 1 --maxrestarts 3 --abortonerror n --stopparentfirst undefined
2024-07-16 14:41:07 - Started 6568
2024-07-16 15:18:12 - Starting C:\Program Files\nodejs\node.exe  --trace-warnings C:\Users\crist\Downloads\API-PPG\node_modules\node-windows\lib\wrapper.js --file C:\Users\crist\Downloads\API-PPG\index.js --scriptoptions= --log "PPG-API-SOCKETS wrapper" --grow 0.25 --wait 1 --maxrestarts 3 --abortonerror n --stopparentfirst undefined
2024-07-16 15:18:12 - Started 6568
2024-07-16 18:20:14 - Starting C:\Program Files\nodejs\node.exe  --trace-warnings C:\Users\crist\Downloads\API-PPG\node_modules\node-windows\lib\wrapper.js --file C:\Users\crist\Downloads\API-PPG\index.js --scriptoptions= --log "PPG-API-SOCKETS wrapper" --grow 0.25 --wait 1 --maxrestarts 3 --abortonerror n --stopparentfirst undefined
2024-07-16 18:20:14 - Started 6660
2024-07-17 01:16:44 - Stopping ppgapisockets.exe
2024-07-17 01:16:44 - ProcessKill 6660
2024-07-17 01:16:45 - Shutdown exception
Message:Se está cerrando el sistema.

Stacktrace:   en System.Runtime.InteropServices.Marshal.ThrowExceptionForHRInternal(Int32 errorCode, IntPtr errorInfo)
   en System.Management.ManagementScope.InitializeGuts(Object o)
   en System.Management.ManagementScope.Initialize()
   en System.Management.ManagementObjectSearcher.Initialize()
   en System.Management.ManagementObjectSearcher.Get()
   en winsw.WrapperService.GetChildPids(Int32 pid)
   en winsw.WrapperService.StopProcessAndChildren(Int32 pid)
   en winsw.WrapperService.StopIt()
   en winsw.WrapperService.OnShutdown()
2024-07-17 07:56:47 - Starting C:\Program Files\nodejs\node.exe  --trace-warnings C:\Users\crist\Downloads\API-PPG\node_modules\node-windows\lib\wrapper.js --file C:\Users\crist\Downloads\API-PPG\index.js --scriptoptions= --log "PPG-API-SOCKETS wrapper" --grow 0.25 --wait 1 --maxrestarts 3 --abortonerror n --stopparentfirst undefined
2024-07-17 07:56:48 - Started 7304
2024-07-17 16:37:06 - Starting C:\Program Files\nodejs\node.exe  --trace-warnings C:\Users\crist\Downloads\API-PPG\node_modules\node-windows\lib\wrapper.js --file C:\Users\crist\Downloads\API-PPG\index.js --scriptoptions= --log "PPG-API-SOCKETS wrapper" --grow 0.25 --wait 1 --maxrestarts 3 --abortonerror n --stopparentfirst undefined
2024-07-17 16:37:06 - Started 6884
2024-07-17 17:04:09 - Starting C:\Program Files\nodejs\node.exe  --trace-warnings C:\Users\crist\Downloads\API-PPG\node_modules\node-windows\lib\wrapper.js --file C:\Users\crist\Downloads\API-PPG\index.js --scriptoptions= --log "PPG-API-SOCKETS wrapper" --grow 0.25 --wait 1 --maxrestarts 3 --abortonerror n --stopparentfirst undefined
2024-07-17 17:04:09 - Started 6440
2024-07-17 22:35:51 - Stopping ppgapisockets.exe
2024-07-17 22:35:51 - ProcessKill 6440
2024-07-17 22:35:51 - Shutdown exception
Message:Se está cerrando el sistema.

Stacktrace:   en System.Runtime.InteropServices.Marshal.ThrowExceptionForHRInternal(Int32 errorCode, IntPtr errorInfo)
   en System.Management.ManagementScope.InitializeGuts(Object o)
   en System.Management.ManagementScope.Initialize()
   en System.Management.ManagementObjectSearcher.Initialize()
   en System.Management.ManagementObjectSearcher.Get()
   en winsw.WrapperService.GetChildPids(Int32 pid)
   en winsw.WrapperService.StopProcessAndChildren(Int32 pid)
   en winsw.WrapperService.StopIt()
   en winsw.WrapperService.OnShutdown()
2024-07-18 07:58:21 - Starting C:\Program Files\nodejs\node.exe  --trace-warnings C:\Users\crist\Downloads\API-PPG\node_modules\node-windows\lib\wrapper.js --file C:\Users\crist\Downloads\API-PPG\index.js --scriptoptions= --log "PPG-API-SOCKETS wrapper" --grow 0.25 --wait 1 --maxrestarts 3 --abortonerror n --stopparentfirst undefined
2024-07-18 07:58:22 - Started 7504
2024-07-18 20:53:10 - Starting C:\Program Files\nodejs\node.exe  --trace-warnings C:\Users\crist\Downloads\API-PPG\node_modules\node-windows\lib\wrapper.js --file C:\Users\crist\Downloads\API-PPG\index.js --scriptoptions= --log "PPG-API-SOCKETS wrapper" --grow 0.25 --wait 1 --maxrestarts 3 --abortonerror n --stopparentfirst undefined
2024-07-18 20:53:10 - Started 6424
2024-07-19 00:55:46 - Stopping ppgapisockets.exe
2024-07-19 00:55:46 - ProcessKill 6424
2024-07-19 00:55:46 - Shutdown exception
Message:Se está cerrando el sistema.

Stacktrace:   en System.Runtime.InteropServices.Marshal.ThrowExceptionForHRInternal(Int32 errorCode, IntPtr errorInfo)
   en System.Management.ManagementScope.InitializeGuts(Object o)
   en System.Management.ManagementScope.Initialize()
   en System.Management.ManagementObjectSearcher.Initialize()
   en System.Management.ManagementObjectSearcher.Get()
   en winsw.WrapperService.GetChildPids(Int32 pid)
   en winsw.WrapperService.StopProcessAndChildren(Int32 pid)
   en winsw.WrapperService.StopIt()
   en winsw.WrapperService.OnShutdown()
2024-07-19 10:20:03 - Starting C:\Program Files\nodejs\node.exe  --trace-warnings C:\Users\crist\Downloads\API-PPG\node_modules\node-windows\lib\wrapper.js --file C:\Users\crist\Downloads\API-PPG\index.js --scriptoptions= --log "PPG-API-SOCKETS wrapper" --grow 0.25 --wait 1 --maxrestarts 3 --abortonerror n --stopparentfirst undefined
2024-07-19 10:20:05 - Started 7572
2024-07-19 12:35:14 - Starting C:\Program Files\nodejs\node.exe  --trace-warnings C:\Users\crist\Downloads\API-PPG\node_modules\node-windows\lib\wrapper.js --file C:\Users\crist\Downloads\API-PPG\index.js --scriptoptions= --log "PPG-API-SOCKETS wrapper" --grow 0.25 --wait 1 --maxrestarts 3 --abortonerror n --stopparentfirst undefined
2024-07-19 12:35:14 - Started 6868
2024-07-19 12:55:47 - Starting C:\Program Files\nodejs\node.exe  --trace-warnings C:\Users\crist\Downloads\API-PPG\node_modules\node-windows\lib\wrapper.js --file C:\Users\crist\Downloads\API-PPG\index.js --scriptoptions= --log "PPG-API-SOCKETS wrapper" --grow 0.25 --wait 1 --maxrestarts 3 --abortonerror n --stopparentfirst undefined
2024-07-19 12:55:47 - Started 6480
2024-07-19 14:12:49 - Starting C:\Program Files\nodejs\node.exe  --trace-warnings C:\Users\crist\Downloads\API-PPG\node_modules\node-windows\lib\wrapper.js --file C:\Users\crist\Downloads\API-PPG\index.js --scriptoptions= --log "PPG-API-SOCKETS wrapper" --grow 0.25 --wait 1 --maxrestarts 3 --abortonerror n --stopparentfirst undefined
2024-07-19 14:12:49 - Started 6728
2024-07-20 00:49:21 - Stopping ppgapisockets.exe
2024-07-20 00:49:21 - ProcessKill 6728
2024-07-20 00:49:22 - Shutdown exception
Message:Se está cerrando el sistema.

Stacktrace:   en System.Runtime.InteropServices.Marshal.ThrowExceptionForHRInternal(Int32 errorCode, IntPtr errorInfo)
   en System.Management.ManagementScope.InitializeGuts(Object o)
   en System.Management.ManagementScope.Initialize()
   en System.Management.ManagementObjectSearcher.Initialize()
   en System.Management.ManagementObjectSearcher.Get()
   en winsw.WrapperService.GetChildPids(Int32 pid)
   en winsw.WrapperService.StopProcessAndChildren(Int32 pid)
   en winsw.WrapperService.StopIt()
   en winsw.WrapperService.OnShutdown()
2024-07-20 12:49:45 - Starting C:\Program Files\nodejs\node.exe  --trace-warnings C:\Users\crist\Downloads\API-PPG\node_modules\node-windows\lib\wrapper.js --file C:\Users\crist\Downloads\API-PPG\index.js --scriptoptions= --log "PPG-API-SOCKETS wrapper" --grow 0.25 --wait 1 --maxrestarts 3 --abortonerror n --stopparentfirst undefined
2024-07-20 12:49:47 - Started 7712
2024-07-20 13:07:57 - Stopping ppgapisockets.exe
2024-07-20 13:07:57 - ProcessKill 7712
2024-07-20 13:07:57 - Shutdown exception
Message:Se está cerrando el sistema.

Stacktrace:   en System.Runtime.InteropServices.Marshal.ThrowExceptionForHRInternal(Int32 errorCode, IntPtr errorInfo)
   en System.Management.ManagementScope.InitializeGuts(Object o)
   en System.Management.ManagementScope.Initialize()
   en System.Management.ManagementObjectSearcher.Initialize()
   en System.Management.ManagementObjectSearcher.Get()
   en winsw.WrapperService.GetChildPids(Int32 pid)
   en winsw.WrapperService.StopProcessAndChildren(Int32 pid)
   en winsw.WrapperService.StopIt()
   en winsw.WrapperService.OnShutdown()
2024-07-20 14:54:08 - Starting C:\Program Files\nodejs\node.exe  --trace-warnings C:\Users\crist\Downloads\API-PPG\node_modules\node-windows\lib\wrapper.js --file C:\Users\crist\Downloads\API-PPG\index.js --scriptoptions= --log "PPG-API-SOCKETS wrapper" --grow 0.25 --wait 1 --maxrestarts 3 --abortonerror n --stopparentfirst undefined
2024-07-20 14:54:09 - Started 7240
2024-07-20 16:50:33 - Stopping ppgapisockets.exe
2024-07-20 16:50:33 - ProcessKill 7240
2024-07-20 16:50:33 - Shutdown exception
Message:Se está cerrando el sistema.

Stacktrace:   en System.Runtime.InteropServices.Marshal.ThrowExceptionForHRInternal(Int32 errorCode, IntPtr errorInfo)
   en System.Management.ManagementScope.InitializeGuts(Object o)
   en System.Management.ManagementScope.Initialize()
   en System.Management.ManagementObjectSearcher.Initialize()
   en System.Management.ManagementObjectSearcher.Get()
   en winsw.WrapperService.GetChildPids(Int32 pid)
   en winsw.WrapperService.StopProcessAndChildren(Int32 pid)
   en winsw.WrapperService.StopIt()
   en winsw.WrapperService.OnShutdown()
2024-07-20 16:51:04 - Starting C:\Program Files\nodejs\node.exe  --trace-warnings C:\Users\crist\Downloads\API-PPG\node_modules\node-windows\lib\wrapper.js --file C:\Users\crist\Downloads\API-PPG\index.js --scriptoptions= --log "PPG-API-SOCKETS wrapper" --grow 0.25 --wait 1 --maxrestarts 3 --abortonerror n --stopparentfirst undefined
2024-07-20 16:51:04 - Started 6988
2024-07-20 21:15:33 - Starting C:\Program Files\nodejs\node.exe  --trace-warnings C:\Users\crist\Downloads\API-PPG\node_modules\node-windows\lib\wrapper.js --file C:\Users\crist\Downloads\API-PPG\index.js --scriptoptions= --log "PPG-API-SOCKETS wrapper" --grow 0.25 --wait 1 --maxrestarts 3 --abortonerror n --stopparentfirst undefined
2024-07-20 21:15:33 - Started 6256
2024-07-20 21:21:59 - Starting C:\Program Files\nodejs\node.exe  --trace-warnings C:\Users\crist\Downloads\API-PPG\node_modules\node-windows\lib\wrapper.js --file C:\Users\crist\Downloads\API-PPG\index.js --scriptoptions= --log "PPG-API-SOCKETS wrapper" --grow 0.25 --wait 1 --maxrestarts 3 --abortonerror n --stopparentfirst undefined
2024-07-20 21:21:59 - Started 6272
2024-07-21 04:33:38 - Stopping ppgapisockets.exe
2024-07-21 04:33:38 - ProcessKill 6272
2024-07-21 04:33:38 - Shutdown exception
Message:Se está cerrando el sistema.

Stacktrace:   en System.Runtime.InteropServices.Marshal.ThrowExceptionForHRInternal(Int32 errorCode, IntPtr errorInfo)
   en System.Management.ManagementScope.InitializeGuts(Object o)
   en System.Management.ManagementScope.Initialize()
   en System.Management.ManagementObjectSearcher.Initialize()
   en System.Management.ManagementObjectSearcher.Get()
   en winsw.WrapperService.GetChildPids(Int32 pid)
   en winsw.WrapperService.StopProcessAndChildren(Int32 pid)
   en winsw.WrapperService.StopIt()
   en winsw.WrapperService.OnShutdown()
2024-07-21 14:08:44 - Starting C:\Program Files\nodejs\node.exe  --trace-warnings C:\Users\crist\Downloads\API-PPG\node_modules\node-windows\lib\wrapper.js --file C:\Users\crist\Downloads\API-PPG\index.js --scriptoptions= --log "PPG-API-SOCKETS wrapper" --grow 0.25 --wait 1 --maxrestarts 3 --abortonerror n --stopparentfirst undefined
2024-07-21 14:08:46 - Started 7596
2024-07-21 19:24:28 - Starting C:\Program Files\nodejs\node.exe  --trace-warnings C:\Users\crist\Downloads\API-PPG\node_modules\node-windows\lib\wrapper.js --file C:\Users\crist\Downloads\API-PPG\index.js --scriptoptions= --log "PPG-API-SOCKETS wrapper" --grow 0.25 --wait 1 --maxrestarts 3 --abortonerror n --stopparentfirst undefined
2024-07-21 19:24:28 - Started 6316
2024-07-21 21:24:48 - Stopping ppgapisockets.exe
2024-07-21 21:24:48 - ProcessKill 6316
2024-07-21 21:24:48 - Shutdown exception
Message:Clase no registrada

Stacktrace:   en System.Runtime.InteropServices.Marshal.ThrowExceptionForHRInternal(Int32 errorCode, IntPtr errorInfo)
   en System.Management.ManagementScope.InitializeGuts(Object o)
   en System.Management.ManagementScope.Initialize()
   en System.Management.ManagementObjectSearcher.Initialize()
   en System.Management.ManagementObjectSearcher.Get()
   en winsw.WrapperService.GetChildPids(Int32 pid)
   en winsw.WrapperService.StopProcessAndChildren(Int32 pid)
   en winsw.WrapperService.StopIt()
   en winsw.WrapperService.OnShutdown()
2024-07-22 07:38:59 - Starting C:\Program Files\nodejs\node.exe  --trace-warnings C:\Users\crist\Downloads\API-PPG\node_modules\node-windows\lib\wrapper.js --file C:\Users\crist\Downloads\API-PPG\index.js --scriptoptions= --log "PPG-API-SOCKETS wrapper" --grow 0.25 --wait 1 --maxrestarts 3 --abortonerror n --stopparentfirst undefined
2024-07-22 07:39:00 - Started 7744
2024-07-22 20:34:58 - Stopping ppgapisockets.exe
2024-07-22 20:34:58 - ProcessKill 7744
2024-07-22 20:34:58 - Shutdown exception
Message:Se está cerrando el sistema.

Stacktrace:   en System.Runtime.InteropServices.Marshal.ThrowExceptionForHRInternal(Int32 errorCode, IntPtr errorInfo)
   en System.Management.ManagementScope.InitializeGuts(Object o)
   en System.Management.ManagementScope.Initialize()
   en System.Management.ManagementObjectSearcher.Initialize()
   en System.Management.ManagementObjectSearcher.Get()
   en winsw.WrapperService.GetChildPids(Int32 pid)
   en winsw.WrapperService.StopProcessAndChildren(Int32 pid)
   en winsw.WrapperService.StopIt()
   en winsw.WrapperService.OnShutdown()
2024-07-22 20:35:33 - Starting C:\Program Files\nodejs\node.exe  --trace-warnings C:\Users\crist\Downloads\API-PPG\node_modules\node-windows\lib\wrapper.js --file C:\Users\crist\Downloads\API-PPG\index.js --scriptoptions= --log "PPG-API-SOCKETS wrapper" --grow 0.25 --wait 1 --maxrestarts 3 --abortonerror n --stopparentfirst undefined
2024-07-22 20:35:34 - Started 7364
2024-07-22 21:23:27 - Stopping ppgapisockets.exe
2024-07-22 21:23:27 - ProcessKill 7364
2024-07-22 21:23:27 - Shutdown exception
Message:Se está cerrando el sistema.

Stacktrace:   en System.Runtime.InteropServices.Marshal.ThrowExceptionForHRInternal(Int32 errorCode, IntPtr errorInfo)
   en System.Management.ManagementScope.InitializeGuts(Object o)
   en System.Management.ManagementScope.Initialize()
   en System.Management.ManagementObjectSearcher.Initialize()
   en System.Management.ManagementObjectSearcher.Get()
   en winsw.WrapperService.GetChildPids(Int32 pid)
   en winsw.WrapperService.StopProcessAndChildren(Int32 pid)
   en winsw.WrapperService.StopIt()
   en winsw.WrapperService.OnShutdown()
2024-07-23 07:07:41 - Starting C:\Program Files\nodejs\node.exe  --trace-warnings C:\Users\crist\Downloads\API-PPG\node_modules\node-windows\lib\wrapper.js --file C:\Users\crist\Downloads\API-PPG\index.js --scriptoptions= --log "PPG-API-SOCKETS wrapper" --grow 0.25 --wait 1 --maxrestarts 3 --abortonerror n --stopparentfirst undefined
2024-07-23 07:07:42 - Started 7552
2024-07-23 21:25:59 - Stopping ppgapisockets.exe
2024-07-23 21:25:59 - ProcessKill 7552
2024-07-23 21:25:59 - Shutdown exception
Message:Se está cerrando el sistema.

Stacktrace:   en System.Runtime.InteropServices.Marshal.ThrowExceptionForHRInternal(Int32 errorCode, IntPtr errorInfo)
   en System.Management.ManagementScope.InitializeGuts(Object o)
   en System.Management.ManagementScope.Initialize()
   en System.Management.ManagementObjectSearcher.Initialize()
   en System.Management.ManagementObjectSearcher.Get()
   en winsw.WrapperService.GetChildPids(Int32 pid)
   en winsw.WrapperService.StopProcessAndChildren(Int32 pid)
   en winsw.WrapperService.StopIt()
   en winsw.WrapperService.OnShutdown()
2024-07-24 07:31:24 - Starting C:\Program Files\nodejs\node.exe  --trace-warnings C:\Users\crist\Downloads\API-PPG\node_modules\node-windows\lib\wrapper.js --file C:\Users\crist\Downloads\API-PPG\index.js --scriptoptions= --log "PPG-API-SOCKETS wrapper" --grow 0.25 --wait 1 --maxrestarts 3 --abortonerror n --stopparentfirst undefined
2024-07-24 07:31:25 - Started 7804
2024-07-24 21:58:57 - Stopping ppgapisockets.exe
2024-07-24 21:58:57 - ProcessKill 7804
2024-07-24 21:58:57 - Shutdown exception
Message:Se está cerrando el sistema.

Stacktrace:   en System.Runtime.InteropServices.Marshal.ThrowExceptionForHRInternal(Int32 errorCode, IntPtr errorInfo)
   en System.Management.ManagementScope.InitializeGuts(Object o)
   en System.Management.ManagementScope.Initialize()
   en System.Management.ManagementObjectSearcher.Initialize()
   en System.Management.ManagementObjectSearcher.Get()
   en winsw.WrapperService.GetChildPids(Int32 pid)
   en winsw.WrapperService.StopProcessAndChildren(Int32 pid)
   en winsw.WrapperService.StopIt()
   en winsw.WrapperService.OnShutdown()
2024-07-25 00:29:37 - Starting C:\Program Files\nodejs\node.exe  --trace-warnings C:\Users\crist\Downloads\API-PPG\node_modules\node-windows\lib\wrapper.js --file C:\Users\crist\Downloads\API-PPG\index.js --scriptoptions= --log "PPG-API-SOCKETS wrapper" --grow 0.25 --wait 1 --maxrestarts 3 --abortonerror n --stopparentfirst undefined
2024-07-25 00:29:39 - Started 8084
2024-07-25 03:29:33 - Stopping ppgapisockets.exe
2024-07-25 03:29:33 - ProcessKill 8084
2024-07-25 03:29:33 - Shutdown exception
Message:Se está cerrando el sistema.

Stacktrace:   en System.Runtime.InteropServices.Marshal.ThrowExceptionForHRInternal(Int32 errorCode, IntPtr errorInfo)
   en System.Management.ManagementScope.InitializeGuts(Object o)
   en System.Management.ManagementScope.Initialize()
   en System.Management.ManagementObjectSearcher.Initialize()
   en System.Management.ManagementObjectSearcher.Get()
   en winsw.WrapperService.GetChildPids(Int32 pid)
   en winsw.WrapperService.StopProcessAndChildren(Int32 pid)
   en winsw.WrapperService.StopIt()
   en winsw.WrapperService.OnShutdown()
2024-07-25 11:25:42 - Starting C:\Program Files\nodejs\node.exe  --trace-warnings C:\Users\crist\Downloads\API-PPG\node_modules\node-windows\lib\wrapper.js --file C:\Users\crist\Downloads\API-PPG\index.js --scriptoptions= --log "PPG-API-SOCKETS wrapper" --grow 0.25 --wait 1 --maxrestarts 3 --abortonerror n --stopparentfirst undefined
2024-07-25 11:25:42 - Started 6880
2024-07-25 22:28:58 - Stopping ppgapisockets.exe
2024-07-25 22:28:58 - ProcessKill 6880
2024-07-25 22:28:58 - Shutdown exception
Message:Se está cerrando el sistema.

Stacktrace:   en System.Runtime.InteropServices.Marshal.ThrowExceptionForHRInternal(Int32 errorCode, IntPtr errorInfo)
   en System.Management.ManagementScope.InitializeGuts(Object o)
   en System.Management.ManagementScope.Initialize()
   en System.Management.ManagementObjectSearcher.Initialize()
   en System.Management.ManagementObjectSearcher.Get()
   en winsw.WrapperService.GetChildPids(Int32 pid)
   en winsw.WrapperService.StopProcessAndChildren(Int32 pid)
   en winsw.WrapperService.StopIt()
   en winsw.WrapperService.OnShutdown()
2024-07-26 07:50:59 - Starting C:\Program Files\nodejs\node.exe  --trace-warnings C:\Users\crist\Downloads\API-PPG\node_modules\node-windows\lib\wrapper.js --file C:\Users\crist\Downloads\API-PPG\index.js --scriptoptions= --log "PPG-API-SOCKETS wrapper" --grow 0.25 --wait 1 --maxrestarts 3 --abortonerror n --stopparentfirst undefined
2024-07-26 07:51:01 - Started 7568
